Flow report for SCOMP
Fri Nov 19 16:55:30 2021
Quartus Prime Version 19.1.0 Build 670 09/22/2019 SJ Lite Edition


---------------------
; Table of Contents ;
---------------------
  1. Legal Notice
  2. Flow Summary
  3. Flow Settings
  4. Flow Non-Default Global Settings
  5. Flow Elapsed Time
  6. Flow OS Summary
  7. Flow Log
  8. Flow Messages
  9. Flow Suppressed Messages



----------------
; Legal Notice ;
----------------
Copyright (C) 2019  Intel Corporation. All rights reserved.
Your use of Intel Corporation's design tools, logic functions 
and other software and tools, and any partner logic 
functions, and any output files from any of the foregoing 
(including device programming or simulation files), and any 
associated documentation or information are expressly subject 
to the terms and conditions of the Intel Program License 
Subscription Agreement, the Intel Quartus Prime License Agreement,
the Intel FPGA IP License Agreement, or other applicable license
agreement, including, without limitation, that your use is for
the sole purpose of programming logic devices manufactured by
Intel and sold by Intel or its authorized distributors.  Please
refer to the applicable agreement for further details, at
https://fpgasoftware.intel.com/eula.



+----------------------------------------------------------------------------------+
; Flow Summary                                                                     ;
+------------------------------------+---------------------------------------------+
; Flow Status                        ; Successful - Fri Nov 19 16:55:29 2021       ;
; Quartus Prime Version              ; 19.1.0 Build 670 09/22/2019 SJ Lite Edition ;
; Revision Name                      ; SCOMP                                       ;
; Top-level Entity Name              ; SCOMP_System                                ;
; Family                             ; MAX 10                                      ;
; Device                             ; 10M50DAF484C7G                              ;
; Timing Models                      ; Final                                       ;
; Total logic elements               ; 27,503                                      ;
;     Total combinational functions  ; 27,318                                      ;
;     Dedicated logic registers      ; 6,645                                       ;
; Total registers                    ; 6645                                        ;
; Total pins                         ; 69                                          ;
; Total virtual pins                 ; 0                                           ;
; Total memory bits                  ; 32,768                                      ;
; Embedded Multiplier 9-bit elements ; 0                                           ;
; Total PLLs                         ; 1                                           ;
; UFM blocks                         ; 0                                           ;
; ADC blocks                         ; 0                                           ;
+------------------------------------+---------------------------------------------+


+-----------------------------------------+
; Flow Settings                           ;
+-------------------+---------------------+
; Option            ; Setting             ;
+-------------------+---------------------+
; Start date & time ; 11/19/2021 16:49:52 ;
; Main task         ; Compilation         ;
; Revision Name     ; SCOMP               ;
+-------------------+---------------------+


+------------------------------------------------------------------------------------------------------------------------------------------------------+
; Flow Non-Default Global Settings                                                                                                                     ;
+-------------------------------------+----------------------------------------+--------------------+--------------+-----------------------------------+
; Assignment Name                     ; Value                                  ; Default Value      ; Entity Name  ; Section Id                        ;
+-------------------------------------+----------------------------------------+--------------------+--------------+-----------------------------------+
; COMPILER_SIGNATURE_ID               ; 154537903120722.163735859206352        ; --                 ; --           ; --                                ;
; EDA_GENERATE_FUNCTIONAL_NETLIST     ; Off                                    ; --                 ; --           ; eda_board_design_timing           ;
; EDA_GENERATE_FUNCTIONAL_NETLIST     ; Off                                    ; --                 ; --           ; eda_board_design_boundary_scan    ;
; EDA_GENERATE_FUNCTIONAL_NETLIST     ; Off                                    ; --                 ; --           ; eda_board_design_signal_integrity ;
; EDA_GENERATE_FUNCTIONAL_NETLIST     ; Off                                    ; --                 ; --           ; eda_board_design_symbol           ;
; EDA_OUTPUT_DATA_FORMAT              ; Verilog Hdl                            ; --                 ; --           ; eda_simulation                    ;
; EDA_SIMULATION_TOOL                 ; ModelSim-Altera (Verilog)              ; <None>             ; --           ; --                                ;
; EDA_TIME_SCALE                      ; 1 ps                                   ; --                 ; --           ; eda_simulation                    ;
; FITTER_EFFORT                       ; Fast Fit                               ; Auto Fit           ; --           ; --                                ;
; MAX_CORE_JUNCTION_TEMP              ; 85                                     ; --                 ; --           ; --                                ;
; MIN_CORE_JUNCTION_TEMP              ; 0                                      ; --                 ; --           ; --                                ;
; MISC_FILE                           ; PLL_main.bsf                           ; --                 ; --           ; --                                ;
; MISC_FILE                           ; PLL_main.cmp                           ; --                 ; --           ; --                                ;
; MISC_FILE                           ; PLL_main.ppf                           ; --                 ; --           ; --                                ;
; NUM_PARALLEL_PROCESSORS             ; All                                    ; --                 ; --           ; --                                ;
; OPTIMIZE_POWER_DURING_FITTING       ; Off                                    ; Normal compilation ; --           ; --                                ;
; OUTPUT_IO_TIMING_FAR_END_VMEAS      ; Half Signal Swing                      ; --                 ; --           ; --                                ;
; OUTPUT_IO_TIMING_FAR_END_VMEAS      ; Half Signal Swing                      ; --                 ; --           ; --                                ;
; OUTPUT_IO_TIMING_NEAR_END_VMEAS     ; Half Vccio                             ; --                 ; --           ; --                                ;
; OUTPUT_IO_TIMING_NEAR_END_VMEAS     ; Half Vccio                             ; --                 ; --           ; --                                ;
; PARTITION_COLOR                     ; -- (Not supported for targeted family) ; --                 ; SCOMP_System ; Top                               ;
; PARTITION_FITTER_PRESERVATION_LEVEL ; -- (Not supported for targeted family) ; --                 ; SCOMP_System ; Top                               ;
; PARTITION_NETLIST_TYPE              ; -- (Not supported for targeted family) ; --                 ; SCOMP_System ; Top                               ;
; PHYSICAL_SYNTHESIS_EFFORT           ; Fast                                   ; Normal             ; --           ; --                                ;
; POWER_BOARD_THERMAL_MODEL           ; None (CONSERVATIVE)                    ; --                 ; --           ; --                                ;
; POWER_PRESET_COOLING_SOLUTION       ; 23 MM HEAT SINK WITH 200 LFPM AIRFLOW  ; --                 ; --           ; --                                ;
; PROJECT_OUTPUT_DIRECTORY            ; output_files                           ; --                 ; --           ; --                                ;
; TOP_LEVEL_ENTITY                    ; SCOMP_System                           ; SCOMP              ; --           ; --                                ;
+-------------------------------------+----------------------------------------+--------------------+--------------+-----------------------------------+


+--------------------------------------------------------------------------------------------------------------------------+
; Flow Elapsed Time                                                                                                        ;
+----------------------+--------------+-------------------------+---------------------+------------------------------------+
; Module Name          ; Elapsed Time ; Average Processors Used ; Peak Virtual Memory ; Total CPU Time (on all processors) ;
+----------------------+--------------+-------------------------+---------------------+------------------------------------+
; Analysis & Synthesis ; 00:05:34     ; 1.0                     ; 6570 MB             ; 00:06:07                           ;
; Total                ; 00:05:34     ; --                      ; --                  ; 00:06:07                           ;
+----------------------+--------------+-------------------------+---------------------+------------------------------------+


+------------------------------------------------------------------------------------+
; Flow OS Summary                                                                    ;
+----------------------+------------------+------------+------------+----------------+
; Module Name          ; Machine Hostname ; OS Name    ; OS Version ; Processor type ;
+----------------------+------------------+------------+------------+----------------+
; Analysis & Synthesis ; DESKTOP-SBGKDFE  ; Windows 10 ; 10.0       ; x86_64         ;
+----------------------+------------------+------------+------------+----------------+


------------
; Flow Log ;
------------
quartus_map --read_settings_files=on --write_settings_files=off SCOMP -c SCOMP



